0 info it worked if it ends with ok
1 verbose cli [ 'node', '/usr/local/bin/npm', 'owner', 'ls', 'hottowel-ng' ]
2 info using npm@1.4.14
3 info using node@v0.10.29
4 verbose url raw hottowel-ng
5 verbose url resolving [ 'https://registry.npmjs.org/', './hottowel-ng' ]
6 verbose url resolved https://registry.npmjs.org/hottowel-ng
7 info trying registry request attempt 1 at 23:43:18
8 http GET https://registry.npmjs.org/hottowel-ng
9 http 404 https://registry.npmjs.org/hottowel-ng
10 verbose headers { date: 'Thu, 06 Nov 2014 10:43:21 GMT',
10 verbose headers   server: 'CouchDB/1.5.0 (Erlang OTP/R16B03)',
10 verbose headers   'content-type': 'application/json',
10 verbose headers   'cache-control': 'max-age=0',
10 verbose headers   'content-length': '52',
10 verbose headers   'accept-ranges': 'bytes',
10 verbose headers   via: '1.1 varnish',
10 verbose headers   age: '0',
10 verbose headers   'x-served-by': 'cache-ak47-NZ',
10 verbose headers   'x-cache': 'MISS',
10 verbose headers   'x-cache-hits': '0',
10 verbose headers   'x-timer': 'S1415270601.038602,VS0,VE888',
10 verbose headers   'keep-alive': 'timeout=10, max=50',
10 verbose headers   connection: 'Keep-Alive' }
11 silly registry.get cb [ 404,
11 silly registry.get   { date: 'Thu, 06 Nov 2014 10:43:21 GMT',
11 silly registry.get     server: 'CouchDB/1.5.0 (Erlang OTP/R16B03)',
11 silly registry.get     'content-type': 'application/json',
11 silly registry.get     'cache-control': 'max-age=0',
11 silly registry.get     'content-length': '52',
11 silly registry.get     'accept-ranges': 'bytes',
11 silly registry.get     via: '1.1 varnish',
11 silly registry.get     age: '0',
11 silly registry.get     'x-served-by': 'cache-ak47-NZ',
11 silly registry.get     'x-cache': 'MISS',
11 silly registry.get     'x-cache-hits': '0',
11 silly registry.get     'x-timer': 'S1415270601.038602,VS0,VE888',
11 silly registry.get     'keep-alive': 'timeout=10, max=50',
11 silly registry.get     connection: 'Keep-Alive' } ]
12 error owner ls Couldn't get owner data hottowel-ng
13 error 404 404 Not Found: hottowel-ng
13 error 404
13 error 404 'hottowel-ng' is not in the npm registry.
13 error 404 You should bug the author to publish it
13 error 404
13 error 404 Note that you can also install from a
13 error 404 tarball, folder, or http url, or git url.
14 error System Darwin 12.5.0
15 error command "node" "/usr/local/bin/npm" "owner" "ls" "hottowel-ng"
16 error cwd /Users/JoeC/Documents/Dev/studybuddy-spa
17 error node -v v0.10.29
18 error npm -v 1.4.14
19 error code E404
20 verbose exit [ 1, true ]
